2013-04-13 20:25:10,392 INFO  Started
2013-04-13 20:25:10,581 INFO  Cleared cache in database
2013-04-13 20:25:10,587 INFO  Trying to get new data, lastCachedRound = 0, lastStartedRound = 2
2013-04-13 20:25:10,635 FATAL General error
java.io.FileNotFoundException: /var/www/checksystem/flags.xml.new (No such file or directory)
	at java.io.FileOutputStream.open(Native Method)
	at java.io.FileOutputStream.<init>(FileOutputStream.java:212)
	at java.io.FileOutputStream.<init>(FileOutputStream.java:104)
	at java.io.FileWriter.<init>(FileWriter.java:63)
	at ructf.roundsCache.ScoreboardWriter.WriteQueryResult(ScoreboardWriter.java:31)
	at ructf.roundsCache.ScoreboardWriter.WriteFiles(ScoreboardWriter.java:25)
	at ructf.roundsCache.Main.UpdateCacheLoop(Main.java:134)
	at ructf.roundsCache.Main.main(Main.java:69)
2013-04-13 20:26:11,714 INFO  Started
2013-04-13 20:26:11,903 INFO  Cleared cache in database
2013-04-13 20:26:11,909 INFO  Trying to get new data, lastCachedRound = 0, lastStartedRound = 2
2013-04-13 20:26:11,985 INFO  Sleeping for 5 sec ...
2013-04-13 20:26:16,986 INFO  Trying to get new data, lastCachedRound = 2, lastStartedRound = 2
2013-04-13 20:26:16,999 INFO  Sleeping for 5 sec ...
2013-04-13 20:26:22,001 INFO  Trying to get new data, lastCachedRound = 2, lastStartedRound = 2
2013-04-13 20:26:22,046 INFO  Sleeping for 5 sec ...
2013-04-13 20:26:27,047 INFO  Trying to get new data, lastCachedRound = 2, lastStartedRound = 2
2013-04-13 20:26:27,058 INFO  Sleeping for 5 sec ...
2013-04-13 20:26:32,059 INFO  Trying to get new data, lastCachedRound = 2, lastStartedRound = 2
2013-04-13 20:26:32,090 INFO  Sleeping for 5 sec ...
2013-04-13 20:26:37,091 INFO  Trying to get new data, lastCachedRound = 2, lastStartedRound = 2
2013-04-13 20:26:37,098 INFO  Sleeping for 5 sec ...
2013-04-13 20:26:42,099 INFO  Trying to get new data, lastCachedRound = 2, lastStartedRound = 2
2013-04-13 20:26:42,107 INFO  Sleeping for 5 sec ...
